<?xml version="1.0" encoding="UTF-8"?>
<testsuite xmlns:xsi="http://www.w3.org/2001/XMLSchema-instance" xsi:noNamespaceSchemaLocation="https://maven.apache.org/surefire/maven-surefire-plugin/xsd/surefire-test-report.xsd" name="e2eTest.CucumberTest" time="0.007" tests="2" errors="2" skipped="0" failures="0">
  <properties>
[...]
</properties>
  <testcase name="Cucumber" classname="&lt;unrooted&gt;" time="0">
    <error message="TestEngine with ID &apos;cucumber&apos; failed to execute tests" type="org.junit.platform.commons.JUnitException">org.junit.platform.commons.JUnitException: TestEngine with ID 'cucumber' failed to execute tests
Caused by: java.lang.NoClassDefFoundError: io/cucumber/core/runtime/TypeRegistryConfigurerSupplier
Caused by: java.lang.ClassNotFoundException: io.cucumber.core.runtime.TypeRegistryConfigurerSupplier
</error>
  </testcase>
  <testcase name="initializationError" classname="e2eTest.CucumberTest" time="0.004">
    <error message="io/cucumber/core/runtime/TypeRegistryConfigurerSupplier" type="java.lang.NoClassDefFoundError">java.lang.NoClassDefFoundError: io/cucumber/core/runtime/TypeRegistryConfigurerSupplier
Caused by: java.lang.ClassNotFoundException: io.cucumber.core.runtime.TypeRegistryConfigurerSupplier
</error>
  </testcase>
</testsuite>