<?xml version="1.0" encoding="UTF-8"?>
<testsuite xmlns:xsi="http://www.w3.org/2001/XMLSchema-instance" xsi:noNamespaceSchemaLocation="https://maven.apache.org/surefire/maven-surefire-plugin/xsd/surefire-test-report.xsd" name="e2eTest.CucumberTest" time="2.228" tests="6" errors="0" skipped="0" failures="0">
  <properties>
[...]
</properties>
  <testcase name="Merchant makes Payment" classname="e2eTest.CucumberTest" time="1.677"/>
  <testcase name="Merchant registration" classname="e2eTest.CucumberTest" time="0.048"/>
  <testcase name="Customer registration" classname="e2eTest.CucumberTest" time="0.044"/>
  <testcase name="Manager wants a report for all Payments" classname="e2eTest.CucumberTest" time="0.162"/>
  <testcase name="Customer wants a report of all their payments" classname="e2eTest.CucumberTest" time="0.116"/>
  <testcase name="Merchant wants a report of all their payments" classname="e2eTest.CucumberTest" time="0.116"/>
</testsuite>